INFO - Properties File Loaded Successfully
INFO - Chrome Browser Launched Succesfully
INFO - Browser Maximized
INFO - Entering an Url in launching browser
INFO - Username Entered
INFO - Password Entered
INFO - Login Successfully
INFO - Firstname Entered
INFO - Lastname Entered
INFO - Record Saved Successfully
INFO - Properties File Loaded Successfully
INFO - Chrome Browser Launched Succesfully
INFO - Browser Maximized
INFO - Entering an Url in launching browser
INFO - Username Entered
INFO - Password Entered
INFO - Login Successfully
INFO - Firstname Entered
INFO - Lastname Entered
INFO - Record Saved Successfully
INFO - Properties File Loaded Successfully
INFO - Chrome Browser Launched Succesfully
INFO - Browser Maximized
INFO - Entering an Url in launching browser
INFO - Username Entered
INFO - Password Entered
INFO - Login Successfully
INFO - Firstname Entered
INFO - Lastname Entered
INFO - Record Saved Successfully
INFO - Logout Successfully
INFO - Browser Closed Successfully
INFO - Properties File Loaded Successfully
INFO - Properties File Loaded Successfully
INFO - Chrome Browser Launched Succesfully
INFO - Chrome Browser Launched Succesfully
INFO - Browser Maximized
INFO - Browser Maximized
INFO - Entering an Url in launching browser
INFO - Username Entered
INFO - Password Entered
INFO - Entering an Url in launching browser
INFO - Username Entered
INFO - Password Entered
INFO - Login Successfully
INFO - Login Successfully
INFO - Firstname Entered
INFO - Lastname Entered
INFO - Firstname Entered
INFO - Record Saved Successfully
INFO - Lastname Entered
INFO - Record Saved Successfully
INFO - Logout Successfully
INFO - Logout Successfully
INFO - Browser Closed Successfully
INFO - Browser Closed Successfully
